<?xml version="1.0" encoding="UTF-8" ?>
<testsuite failures="0" time="0.03" errors="0" skipped="0" tests="3" name="org.exoplatform.document.util.TestFileUtils">
  <properties>
[...]
</properties>
  <testcase time="0.009" classname="org.exoplatform.document.util.TestFileUtils" name="testRenameFile"/>
  <testcase time="0.001" classname="org.exoplatform.document.util.TestFileUtils" name="testRenameFileDuplicateNotOverwrite"/>
  <testcase time="0.001" classname="org.exoplatform.document.util.TestFileUtils" name="testRenameFileDuplicateOverwrite"/>
</testsuite>