<?xml version="1.0" encoding="UTF-8" ?>
<testsuite failures="0" time="0.187" errors="0" skipped="0" tests="4" name="org.exoplatform.language.detect.TestNGramTokenizer">
  <properties>
[...]
</properties>
  <testcase time="0.01" classname="org.exoplatform.language.detect.TestNGramTokenizer" name="testConstants"/>
  <testcase time="0.146" classname="org.exoplatform.language.detect.TestNGramTokenizer" name="testNormalizeWithLatin"/>
  <testcase time="0.001" classname="org.exoplatform.language.detect.TestNGramTokenizer" name="testNormalizeWithCJKKanji"/>
  <testcase time="0.002" classname="org.exoplatform.language.detect.TestNGramTokenizer" name="testNGram"/>
</testsuite>